<?xml version="1.0" encoding="UTF-8"?>
<!-- Generated by org.testng.reporters.JUnitReportReporter -->
<testsuite hostname="EG5CG8352JJ4" failures="0" tests="6" name="com.Yahoo.Testcases.UserLogin" time="9.617" errors="0" timestamp="2020-09-25T22:18:18 EET" skipped="5">
  <testcase classname="com.Yahoo.Testcases.UserLogin" name="UsernamePasswdLoginFail" time="9.617"/>
  <system-out/>
  <testcase classname="com.Yahoo.Testcases.UserLogin" name="UsernameLoginCorrectly">
    <skipped/>
  </testcase> <!-- UsernameLoginCorrectly -->
  <system-out/>
  <testcase classname="com.Yahoo.Testcases.UserLogin" name="MailLoginFail">
    <skipped/>
  </testcase> <!-- MailLoginFail -->
  <system-out/>
  <testcase classname="com.Yahoo.Testcases.UserLogin" name="MailPasswdLoginFail">
    <skipped/>
  </testcase> <!-- MailPasswdLoginFail -->
  <system-out/>
  <testcase classname="com.Yahoo.Testcases.UserLogin" name="UsernameLoginFail">
    <skipped/>
  </testcase> <!-- UsernameLoginFail -->
  <system-out/>
  <testcase classname="com.Yahoo.Testcases.UserLogin" name="MailLoginCorrectly">
    <skipped/>
  </testcase> <!-- MailLoginCorrectly -->
  <system-out/>
</testsuite> <!-- com.Yahoo.Testcases.UserLogin -->
